This is pdfTeX, Version 3.14159265-2.6-1.40.18 (MiKTeX 2.9.6600 64-bit) (preloaded format=pdflatex 2018.2.12)  19 FEB 2018 17:23
entering extended mode
**./010_hortativ.tex
(010_hortativ.tex
LaTeX2e <2017-04-15>
Babel <3.17> and hyphenation patterns for 75 language(s) loaded.
(E:\Programs\MikTex\tex\latex\base\article.cls
Document Class: article 2014/09/29 v1.4h Standard LaTeX document class
(E:\Programs\MikTex\tex\latex\base\size12.clo
File: size12.clo 2014/09/29 v1.4h Standard LaTeX file (size option)
)
\c@part=\count79
\c@section=\count80
\c@subsection=\count81
\c@subsubsection=\count82
\c@paragraph=\count83
\c@subparagraph=\count84
\c@figure=\count85
\c@table=\count86
\abovecaptionskip=\skip41
\belowcaptionskip=\skip42
\bibindent=\dimen102
)
(E:\Programs\MikTex\tex\latex\hyperref\hyperref.sty
Package: hyperref 2018/02/06 v6.86b Hypertext links for LaTeX

(E:\Programs\MikTex\tex\generic\oberdiek\hobsub-hyperref.sty
Package: hobsub-hyperref 2016/05/16 v1.14 Bundle oberdiek, subset hyperref (HO)


(E:\Programs\MikTex\tex\generic\oberdiek\hobsub-generic.sty
Package: hobsub-generic 2016/05/16 v1.14 Bundle oberdiek, subset generic (HO)
Package: hobsub 2016/05/16 v1.14 Construct package bundles (HO)
Package: infwarerr 2016/05/16 v1.4 Providing info/warning/error messages (HO)
Package: ltxcmds 2016/05/16 v1.23 LaTeX kernel commands for general use (HO)
Package: ifluatex 2016/05/16 v1.4 Provides the ifluatex switch (HO)
Package ifluatex Info: LuaTeX not detected.
Package: ifvtex 2016/05/16 v1.6 Detect VTeX and its facilities (HO)
Package ifvtex Info: VTeX not detected.
Package: intcalc 2016/05/16 v1.2 Expandable calculations with integers (HO)
Package: ifpdf 2017/03/15 v3.2 Provides the ifpdf switch
Package: etexcmds 2016/05/16 v1.6 Avoid name clashes with e-TeX commands (HO)
Package etexcmds Info: Could not find \expanded.
(etexcmds)             That can mean that you are not using pdfTeX 1.50 or
(etexcmds)             that some package has redefined \expanded.
(etexcmds)             In the latter case, load this package earlier.
Package: kvsetkeys 2016/05/16 v1.17 Key value parser (HO)
Package: kvdefinekeys 2016/05/16 v1.4 Define keys (HO)
Package: pdftexcmds 2018/01/21 v0.26 Utility functions of pdfTeX for LuaTeX (HO
)
Package pdftexcmds Info: LuaTeX not detected.
Package pdftexcmds Info: \pdf@primitive is available.
Package pdftexcmds Info: \pdf@ifprimitive is available.
Package pdftexcmds Info: \pdfdraftmode found.
Package: pdfescape 2016/05/16 v1.14 Implements pdfTeX's escape features (HO)
Package: bigintcalc 2016/05/16 v1.4 Expandable calculations on big integers (HO
)
Package: bitset 2016/05/16 v1.2 Handle bit-vector datatype (HO)
Package: uniquecounter 2016/05/16 v1.3 Provide unlimited unique counter (HO)
)
Package hobsub Info: Skipping package `hobsub' (already loaded).
Package: letltxmacro 2016/05/16 v1.5 Let assignment for LaTeX macros (HO)
Package: hopatch 2016/05/16 v1.3 Wrapper for package hooks (HO)
Package: xcolor-patch 2016/05/16 xcolor patch
Package: atveryend 2016/05/16 v1.9 Hooks at the very end of document (HO)
Package atveryend Info: \enddocument detected (standard20110627).
Package: atbegshi 2016/06/09 v1.18 At begin shipout hook (HO)
Package: refcount 2016/05/16 v3.5 Data extraction from label references (HO)
Package: hycolor 2016/05/16 v1.8 Color options for hyperref/bookmark (HO)
)
(E:\Programs\MikTex\tex\latex\graphics\keyval.sty
Package: keyval 2014/10/28 v1.15 key=value parser (DPC)
\KV@toks@=\toks14
)
(E:\Programs\MikTex\tex\generic\ifxetex\ifxetex.sty
Package: ifxetex 2010/09/12 v0.6 Provides ifxetex conditional
)
(E:\Programs\MikTex\tex\latex\oberdiek\auxhook.sty
Package: auxhook 2016/05/16 v1.4 Hooks for auxiliary files (HO)
)
(E:\Programs\MikTex\tex\latex\oberdiek\kvoptions.sty
Package: kvoptions 2016/05/16 v3.12 Key value format for package options (HO)
)
\@linkdim=\dimen103
\Hy@linkcounter=\count87
\Hy@pagecounter=\count88

(E:\Programs\MikTex\tex\latex\hyperref\pd1enc.def
File: pd1enc.def 2018/02/06 v6.86b Hyperref: PDFDocEncoding definition (HO)
)
\Hy@SavedSpaceFactor=\count89

(E:\Programs\MikTex\tex\latex\00miktex\hyperref.cfg
File: hyperref.cfg 2002/06/06 v1.2 hyperref configuration of TeXLive
)
Package hyperref Info: Option `colorlinks' set `true' on input line 4383.
Package hyperref Info: Hyper figures OFF on input line 4509.
Package hyperref Info: Link nesting OFF on input line 4514.
Package hyperref Info: Hyper index ON on input line 4517.
Package hyperref Info: Plain pages OFF on input line 4524.
Package hyperref Info: Backreferencing OFF on input line 4529.
Package hyperref Info: Implicit mode ON; LaTeX internals redefined.
Package hyperref Info: Bookmarks ON on input line 4762.
\c@Hy@tempcnt=\count90

(E:\Programs\MikTex\tex\latex\url\url.sty
\Urlmuskip=\muskip10
Package: url 2013/09/16  ver 3.4  Verb mode for urls, etc.
)
LaTeX Info: Redefining \url on input line 5115.
\XeTeXLinkMargin=\dimen104
\Fld@menulength=\count91
\Field@Width=\dimen105
\Fld@charsize=\dimen106
Package hyperref Info: Hyper figures OFF on input line 6369.
Package hyperref Info: Link nesting OFF on input line 6374.
Package hyperref Info: Hyper index ON on input line 6377.
Package hyperref Info: backreferencing OFF on input line 6384.
Package hyperref Info: Link coloring ON on input line 6387.
Package hyperref Info: Link coloring with OCG OFF on input line 6394.
Package hyperref Info: PDF/A mode OFF on input line 6399.
LaTeX Info: Redefining \ref on input line 6439.
LaTeX Info: Redefining \pageref on input line 6443.
\Hy@abspage=\count92
\c@Item=\count93
\c@Hfootnote=\count94
)
Package hyperref Info: Driver (autodetected): hpdftex.

(E:\Programs\MikTex\tex\latex\hyperref\hpdftex.def
File: hpdftex.def 2018/02/06 v6.86b Hyperref driver for pdfTeX
\Fld@listcount=\count95
\c@bookmark@seq@number=\count96

(E:\Programs\MikTex\tex\latex\oberdiek\rerunfilecheck.sty
Package: rerunfilecheck 2016/05/16 v1.8 Rerun checks for auxiliary files (HO)
Package uniquecounter Info: New unique counter `rerunfilecheck' on input line 2
82.
)
\Hy@SectionHShift=\skip43
)
(E:\Programs\MikTex\tex\xelatex\xecjk\xeCJK.sty
(E:\Programs\MikTex\tex\latex\l3kernel\expl3.sty
Package: expl3 2017/12/16 L3 programming layer (loader) 

(E:\Programs\MikTex\tex\latex\l3kernel\expl3-code.tex
Package: expl3 2017/12/16 L3 programming layer (code)
\c_max_int=\count97
\l_tmpa_int=\count98
\l_tmpb_int=\count99
\g_tmpa_int=\count100
\g_tmpb_int=\count101
\g__intarray_font_int=\count102
\g__prg_map_int=\count103
\c_log_iow=\count104
\l_iow_line_count_int=\count105
\l__iow_line_target_int=\count106
\l__iow_one_indent_int=\count107
\l__iow_indent_int=\count108
\c_zero_dim=\dimen107
\c_max_dim=\dimen108
\l_tmpa_dim=\dimen109
\l_tmpb_dim=\dimen110
\g_tmpa_dim=\dimen111
\g_tmpb_dim=\dimen112
\c_zero_skip=\skip44
\c_max_skip=\skip45
\l_tmpa_skip=\skip46
\l_tmpb_skip=\skip47
\g_tmpa_skip=\skip48
\g_tmpb_skip=\skip49
\c_zero_muskip=\muskip11
\c_max_muskip=\muskip12
\l_tmpa_muskip=\muskip13
\l_tmpb_muskip=\muskip14
\g_tmpa_muskip=\muskip15
\g_tmpb_muskip=\muskip16
\l_keys_choice_int=\count109
\c__fp_leading_shift_int=\count110
\c__fp_middle_shift_int=\count111
\c__fp_trailing_shift_int=\count112
\c__fp_big_leading_shift_int=\count113
\c__fp_big_middle_shift_int=\count114
\c__fp_big_trailing_shift_int=\count115
\c__fp_Bigg_leading_shift_int=\count116
\c__fp_Bigg_middle_shift_int=\count117
\c__fp_Bigg_trailing_shift_int=\count118
\c__fp_rand_size_int=\count119
\c__fp_rand_four_int=\count120
\c__fp_rand_eight_int=\count121
\l__sort_length_int=\count122
\l__sort_min_int=\count123
\l__sort_top_int=\count124
\l__sort_max_int=\count125
\l__sort_true_max_int=\count126
\l__sort_block_int=\count127
\l__sort_begin_int=\count128
\l__sort_end_int=\count129
\l__sort_A_int=\count130
\l__sort_B_int=\count131
\l__sort_C_int=\count132
\l__tl_build_start_index_int=\count133
\l__tl_build_index_int=\count134
\l__tl_analysis_normal_int=\count135
\l__tl_analysis_index_int=\count136
\l__tl_analysis_nesting_int=\count137
\l__tl_analysis_type_int=\count138
\l__regex_internal_a_int=\count139
\l__regex_internal_b_int=\count140
\l__regex_internal_c_int=\count141
\l__regex_balance_int=\count142
\l__regex_group_level_int=\count143
\l__regex_mode_int=\count144
\c__regex_cs_in_class_mode_int=\count145
\c__regex_cs_mode_int=\count146
\l__regex_catcodes_int=\count147
\l__regex_default_catcodes_int=\count148
\c__regex_catcode_D_int=\count149
\c__regex_catcode_S_int=\count150
\c__regex_catcode_L_int=\count151
\c__regex_catcode_O_int=\count152
\c__regex_catcode_A_int=\count153
\c__regex_all_catcodes_int=\count154
\l__regex_show_lines_int=\count155
\l__regex_min_state_int=\count156
\l__regex_max_state_int=\count157
\l__regex_left_state_int=\count158
\l__regex_right_state_int=\count159
\l__regex_capturing_group_int=\count160
\l__regex_min_pos_int=\count161
\l__regex_max_pos_int=\count162
\l__regex_curr_pos_int=\count163
\l__regex_start_pos_int=\count164
\l__regex_success_pos_int=\count165
\l__regex_curr_char_int=\count166
\l__regex_curr_catcode_int=\count167
\l__regex_last_char_int=\count168
\l__regex_case_changed_char_int=\count169
\l__regex_curr_state_int=\count170
\l__regex_step_int=\count171
\l__regex_min_active_int=\count172
\l__regex_max_active_int=\count173
\l__regex_replacement_csnames_int=\count174
\l__regex_match_count_int=\count175
\l__regex_min_submatch_int=\count176
\l__regex_submatch_int=\count177
\l__regex_zeroth_submatch_int=\count178
\g__debug_trace_regex_int=\count179
\c_empty_box=\box26
\l_tmpa_box=\box27
\l_tmpb_box=\box28
\g_tmpa_box=\box29
\g_tmpb_box=\box30
\l__box_top_dim=\dimen113
\l__box_bottom_dim=\dimen114
\l__box_left_dim=\dimen115
\l__box_right_dim=\dimen116
\l__box_top_new_dim=\dimen117
\l__box_bottom_new_dim=\dimen118
\l__box_left_new_dim=\dimen119
\l__box_right_new_dim=\dimen120
\l__box_internal_box=\box31
\l__coffin_internal_box=\box32
\l__coffin_internal_dim=\dimen121
\l__coffin_offset_x_dim=\dimen122
\l__coffin_offset_y_dim=\dimen123
\l__coffin_x_dim=\dimen124
\l__coffin_y_dim=\dimen125
\l__coffin_x_prime_dim=\dimen126
\l__coffin_y_prime_dim=\dimen127
\c_empty_coffin=\box33
\l__coffin_aligned_coffin=\box34
\l__coffin_aligned_internal_coffin=\box35
\l_tmpa_coffin=\box36
\l_tmpb_coffin=\box37
\l__coffin_display_coffin=\box38
\l__coffin_display_coord_coffin=\box39
\l__coffin_display_pole_coffin=\box40
\l__coffin_display_offset_dim=\dimen128
\l__coffin_display_x_dim=\dimen129
\l__coffin_display_y_dim=\dimen130
\l__coffin_bounding_shift_dim=\dimen131
\l__coffin_left_corner_dim=\dimen132
\l__coffin_right_corner_dim=\dimen133
\l__coffin_bottom_corner_dim=\dimen134
\l__coffin_top_corner_dim=\dimen135
\l__coffin_scaled_total_height_dim=\dimen136
\l__coffin_scaled_width_dim=\dimen137
)
(E:\Programs\MikTex\tex\latex\l3kernel\l3pdfmode.def
File: l3pdfmode.def 2017/03/18 v L3 Experimental driver: PDF mode
\l__driver_color_stack_int=\count180
\l__driver_tmp_box=\box41
))
Package: xeCJK 2018/01/28 v3.6.0 Typesetting CJK scripts with XeLaTeX


!!!!!!!!!!!!!!!!!!!!!!!!!!!!!!!!!!!!!!!!!!!!!!!!
!
! Critical xeCJK error: "Require-XeTeX"
! 
! The xeCJK package requires XeTeX to function.
! 
! You must change your typesetting engine to "xelatex"
! instead of plain "latex" or "pdflatex" or "lualatex".
! Loading xeCJK will abort!
! 
! See the xeCJK documentation for further information.
! 
! For immediate help type H <return>.
!...............................................  
                                                  
l.43 ..._critical:nn { xeCJK } { Require-XeTeX } }
                                                  
|'''''''''''''''''''''''''''''''''''''''''''''''
| Reading the current file 'xeCJK' will stop.
|...............................................

) (E:\Programs\MikTex\tex\latex\tools\tabularx.sty
Package: tabularx 2016/02/03 v2.11 `tabularx' package (DPC)

(E:\Programs\MikTex\tex\latex\tools\array.sty
Package: array 2016/10/06 v2.4d Tabular extension package (FMi)
\col@sep=\dimen138
\extrarowheight=\dimen139
\NC@list=\toks15
\extratabsurround=\skip50
\backup@length=\skip51
)
\TX@col@width=\dimen140
\TX@old@table=\dimen141
\TX@old@col=\dimen142
\TX@target=\dimen143
\TX@delta=\dimen144
\TX@cols=\count181
\TX@ftn=\toks16
)
! Undefined control sequence.
<recently read> \setCJKmainfont 
                                
l.8 \setCJKmainfont
                   {AozoraMinchoRegular.ttf}
The control sequence at the end of the top line
of your error message was never \def'ed. If you have
misspelled it (e.g., `\hobx'), type `I' and the correct
spelling (e.g., `I\hbox'). Otherwise just continue,
and I'll forget about whatever was undefined.


! LaTeX Error: Missing \begin{document}.

See the LaTeX manual or LaTeX Companion for explanation.
Type  H <return>  for immediate help.
 ...                                              
                                                  
l.8 \setCJKmainfont{A
                     ozoraMinchoRegular.ttf}
You're in trouble here.  Try typing  <return>  to proceed.
If that doesn't work, type  X <return>  to quit.

(E:\Programs\MikTex\tex\latex\cjk\ruby.sty
Package: ruby 2015/04/18 4.8.4

(E:\Programs\MikTex\tex\latex\cjk\CJK.sty
Package: CJK 2015/04/18 4.8.4

(E:\Programs\MikTex\tex\latex\cjk\mule\MULEenc.sty
Package: MULEenc 2015/04/18 4.8.4
)
(E:\Programs\MikTex\tex\latex\cjk\CJK.enc
File: CJK.enc 2015/04/18 4.8.4
)
LaTeX Info: Redefining \selectfont on input line 755.
\CJK@indent=\box42
)
\ruby@width=\dimen145
)
(E:\Programs\MikTex\tex\latex\tools\hhline.sty
Package: hhline 2014/10/28 v2.03 Table rule package (DPC)
)
(E:\Programs\MikTex\tex\latex\multirow\multirow.sty
Package: multirow 2016/11/25 v2.2 Span multiple rows of a table
\multirow@colwidth=\skip52
\multirow@cntb=\count182
\multirow@dima=\skip53
\bigstrutjot=\dimen146
)
(E:\Programs\MikTex\tex\latex\amsfonts\amssymb.sty
Package: amssymb 2013/01/14 v3.01 AMS font symbols

(E:\Programs\MikTex\tex\latex\amsfonts\amsfonts.sty
Package: amsfonts 2013/01/14 v3.01 Basic AMSFonts support
\@emptytoks=\toks17
\symAMSa=\mathgroup4
\symAMSb=\mathgroup5
LaTeX Font Info:    Overwriting math alphabet `\mathfrak' in version `bold'
(Font)                  U/euf/m/n --> U/euf/b/n on input line 106.
))
(E:\Programs\MikTex\tex\generic\babel\babel.sty
Package: babel 2018/01/24 3.17 The Babel package

(E:\Programs\MikTex\tex\generic\babel\switch.def
File: switch.def 2018/01/24 3.17 Babel switching mechanism
)
*************************************
* Local config file bblopts.cfg used
*
(E:\Programs\MikTex\tex\latex\arabi\bblopts.cfg
File: bblopts.cfg 2005/09/08 v0.1 add Arabic and Farsi to "declared" options of
 babel
)
(E:\Programs\MikTex\tex\latex\babel-croatian\croatian.ldf
Language: croatian 2014/03/31 v1.3m Croatian support from the babel system

(E:\Programs\MikTex\tex\generic\babel\babel.def
File: babel.def 2018/01/24 3.17 Babel common definitions

(E:\Programs\MikTex\tex\generic\babel\switch.def
File: switch.def 2018/01/24 3.17 Babel switching mechanism
)
\babel@savecnt=\count183
\U@D=\dimen147

(E:\Programs\MikTex\tex\generic\babel\txtbabel.def)
\bbl@dirlevel=\count184
)))
(E:\Programs\MikTex\tex\latex\soul\soul.sty
Package: soul 2003/11/17 v2.4 letterspacing/underlining (mf)
\SOUL@word=\toks18
\SOUL@lasttoken=\toks19
\SOUL@cmds=\toks20
\SOUL@buffer=\toks21
\SOUL@token=\toks22
\SOUL@spaceskip=\skip54
\SOUL@ttwidth=\dimen148
\SOUL@uldp=\dimen149
\SOUL@ulht=\dimen150
)
(E:\Programs\MikTex\tex\latex\geometry\geometry.sty
Package: geometry 2010/09/12 v5.6 Page Geometry
\Gm@cnth=\count185
\Gm@cntv=\count186
\c@Gm@tempcnt=\count187
\Gm@bindingoffset=\dimen151
\Gm@wd@mp=\dimen152
\Gm@odd@mp=\dimen153
\Gm@even@mp=\dimen154
\Gm@layoutwidth=\dimen155
\Gm@layoutheight=\dimen156
\Gm@layouthoffset=\dimen157
\Gm@layoutvoffset=\dimen158
\Gm@dimlist=\toks23

(E:\Programs\MikTex\tex\latex\geometry\geometry.cfg))
No file 010_hortativ.aux.
\openout1 = `010_hortativ.aux'.

LaTeX Font Info:    Checking defaults for OML/cmm/m/it on input line 24.
LaTeX Font Info:    ... okay on input line 24.
LaTeX Font Info:    Checking defaults for T1/cmr/m/n on input line 24.
LaTeX Font Info:    ... okay on input line 24.
LaTeX Font Info:    Checking defaults for OT1/cmr/m/n on input line 24.
LaTeX Font Info:    ... okay on input line 24.
LaTeX Font Info:    Checking defaults for OMS/cmsy/m/n on input line 24.
LaTeX Font Info:    ... okay on input line 24.
LaTeX Font Info:    Checking defaults for OMX/cmex/m/n on input line 24.
LaTeX Font Info:    ... okay on input line 24.
LaTeX Font Info:    Checking defaults for U/cmr/m/n on input line 24.
LaTeX Font Info:    ... okay on input line 24.
LaTeX Font Info:    Checking defaults for PD1/pdf/m/n on input line 24.
LaTeX Font Info:    ... okay on input line 24.
LaTeX Font Info:    Checking defaults for C00/song/m/n on input line 24.
LaTeX Font Info:    ... okay on input line 24.
LaTeX Font Info:    Checking defaults for C05/song/m/n on input line 24.
LaTeX Font Info:    ... okay on input line 24.
LaTeX Font Info:    Checking defaults for C09/song/m/n on input line 24.
LaTeX Font Info:    ... okay on input line 24.
LaTeX Font Info:    Checking defaults for C10/song/m/n on input line 24.
LaTeX Font Info:    ... okay on input line 24.
LaTeX Font Info:    Checking defaults for C20/song/m/n on input line 24.
LaTeX Font Info:    ... okay on input line 24.
LaTeX Font Info:    Checking defaults for C19/song/m/n on input line 24.
LaTeX Font Info:    ... okay on input line 24.
LaTeX Font Info:    Checking defaults for C40/song/m/n on input line 24.
LaTeX Font Info:    ... okay on input line 24.
LaTeX Font Info:    Checking defaults for C42/song/m/n on input line 24.
LaTeX Font Info:    ... okay on input line 24.
LaTeX Font Info:    Checking defaults for C43/song/m/n on input line 24.
LaTeX Font Info:    ... okay on input line 24.
LaTeX Font Info:    Checking defaults for C50/song/m/n on input line 24.
LaTeX Font Info:    ... okay on input line 24.
LaTeX Font Info:    Checking defaults for C52/song/m/n on input line 24.
LaTeX Font Info:    ... okay on input line 24.
LaTeX Font Info:    Checking defaults for C49/song/m/n on input line 24.
LaTeX Font Info:    ... okay on input line 24.
LaTeX Font Info:    Checking defaults for C60/mj/m/n on input line 24.
LaTeX Font Info:    ... okay on input line 24.
LaTeX Font Info:    Checking defaults for C61/mj/m/n on input line 24.
LaTeX Font Info:    ... okay on input line 24.
LaTeX Font Info:    Checking defaults for C63/mj/m/n on input line 24.
LaTeX Font Info:    ... okay on input line 24.
LaTeX Font Info:    Checking defaults for C64/mj/m/n on input line 24.
LaTeX Font Info:    ... okay on input line 24.
LaTeX Font Info:    Checking defaults for C65/mj/m/n on input line 24.
LaTeX Font Info:    ... okay on input line 24.
LaTeX Font Info:    Checking defaults for C70/song/m/n on input line 24.
LaTeX Font Info:    ... okay on input line 24.
LaTeX Font Info:    Checking defaults for C31/song/m/n on input line 24.
LaTeX Font Info:    ... okay on input line 24.
LaTeX Font Info:    Checking defaults for C32/song/m/n on input line 24.
LaTeX Font Info:    ... okay on input line 24.
LaTeX Font Info:    Checking defaults for C33/song/m/n on input line 24.
LaTeX Font Info:    ... okay on input line 24.
LaTeX Font Info:    Checking defaults for C34/song/m/n on input line 24.
LaTeX Font Info:    ... okay on input line 24.
LaTeX Font Info:    Checking defaults for C35/song/m/n on input line 24.
LaTeX Font Info:    ... okay on input line 24.
LaTeX Font Info:    Checking defaults for C36/song/m/n on input line 24.
LaTeX Font Info:    ... okay on input line 24.
LaTeX Font Info:    Checking defaults for C37/song/m/n on input line 24.
LaTeX Font Info:    ... okay on input line 24.
LaTeX Font Info:    Checking defaults for C80/song/m/n on input line 24.
LaTeX Font Info:    ... okay on input line 24.
LaTeX Font Info:    Checking defaults for C81/song/m/n on input line 24.
LaTeX Font Info:    ... okay on input line 24.
LaTeX Font Info:    Checking defaults for C01/song/m/n on input line 24.
LaTeX Font Info:    ... okay on input line 24.
LaTeX Font Info:    Checking defaults for C11/song/m/n on input line 24.
LaTeX Font Info:    ... okay on input line 24.
LaTeX Font Info:    Checking defaults for C21/song/m/n on input line 24.
LaTeX Font Info:    ... okay on input line 24.
LaTeX Font Info:    Checking defaults for C41/song/m/n on input line 24.
LaTeX Font Info:    ... okay on input line 24.
LaTeX Font Info:    Checking defaults for C62/song/m/n on input line 24.
LaTeX Font Info:    ... okay on input line 24.
\AtBeginShipoutBox=\box43
(E:\Programs\MikTex\tex\latex\graphics\color.sty
Package: color 2016/07/10 v1.1e Standard LaTeX Color (DPC)

(E:\Programs\MikTex\tex\latex\graphics-cfg\color.cfg
File: color.cfg 2016/01/02 v1.6 sample color configuration
)
Package color Info: Driver file: pdftex.def on input line 147.

(E:\Programs\MikTex\tex\latex\graphics-def\pdftex.def
File: pdftex.def 2018/01/08 v1.0l Graphics/color driver for pdftex

(E:\Programs\MikTex\tex\context\base\supp-pdf.mkii
[Loading MPS to PDF converter (version 2006.09.02).]
\scratchcounter=\count188
\scratchdimen=\dimen159
\scratchbox=\box44
\nofMPsegments=\count189
\nofMParguments=\count190
\everyMPshowfont=\toks24
\MPscratchCnt=\count191
\MPscratchDim=\dimen160
\MPnumerator=\count192
\makeMPintoPDFobject=\count193
\everyMPtoPDFconversion=\toks25
)))
Package hyperref Info: Link coloring ON on input line 24.
 (E:\Programs\MikTex\tex\latex\hyperref\nameref.sty
Package: nameref 2016/05/21 v2.44 Cross-referencing by name of section

(E:\Programs\MikTex\tex\generic\oberdiek\gettitlestring.sty
Package: gettitlestring 2016/05/16 v1.5 Cleanup title references (HO)
)
\c@section@level=\count194
)
LaTeX Info: Redefining \ref on input line 24.
LaTeX Info: Redefining \pageref on input line 24.
LaTeX Info: Redefining \nameref on input line 24.
\@outlinefile=\write3
\openout3 = `010_hortativ.out'.


*geometry* driver: auto-detecting
*geometry* detected driver: pdftex
*geometry* verbose mode - [ preamble ] result:
* driver: pdftex
* paper: <default>
* layout: <same size as paper>
* layoutoffset:(h,v)=(0.0pt,0.0pt)
* modes: 
* h-part:(L,W,R)=(50.58878pt, 513.11745pt, 50.58878pt)
* v-part:(T,H,B)=(50.58878pt, 693.79243pt, 50.58878pt)
* \paperwidth=614.295pt
* \paperheight=794.96999pt
* \textwidth=513.11745pt
* \textheight=693.79243pt
* \oddsidemargin=-21.68121pt
* \evensidemargin=-21.68121pt
* \topmargin=-58.68121pt
* \headheight=12.0pt
* \headsep=25.0pt
* \topskip=12.0pt
* \footskip=30.0pt
* \marginparwidth=44.0pt
* \marginparsep=10.0pt
* \columnsep=10.0pt
* \skip\footins=10.8pt plus 4.0pt minus 2.0pt
* \hoffset=0.0pt
* \voffset=0.0pt
* \mag=1000
* \@twocolumnfalse
* \@twosidefalse
* \@mparswitchfalse
* \@reversemarginfalse
* (1in=72.27pt=25.4mm, 1cm=28.453pt)

Missing character: There is no „ in font cmr17!
Missing character: There is no Ç in font cmr17!
Missing character: There is no à in font cmr17!
Missing character: There is no „ in font cmr17!
Missing character: There is no Å in font cmr17!
Missing character: There is no Ü in font cmr17!
LaTeX Font Info:    Try loading font information for U+msa on input line 29.
(E:\Programs\MikTex\tex\latex\amsfonts\umsa.fd
File: umsa.fd 2013/01/14 v3.01 AMS symbols A
)
LaTeX Font Info:    Try loading font information for U+msb on input line 29.

(E:\Programs\MikTex\tex\latex\amsfonts\umsb.fd
File: umsb.fd 2013/01/14 v3.01 AMS symbols B
)
Missing character: There is no ‰ in font cmr12!
Missing character: There is no ∏ in font cmr12!
Missing character: There is no Ä in font cmr12!
Missing character: There is no Ê in font cmr12!
Missing character: There is no Æ in font cmr12!
Missing character: There is no µ in font cmr12!
Missing character: There is no ‰ in font cmr12!
Missing character: There is no ∫ in font cmr12!
Missing character: There is no î in font cmr12!
Missing character: There is no Ê in font cmr12!
Missing character: There is no Æ in font cmr12!
Missing character: There is no µ in font cmr12!
Missing character: There is no „ in font cmr12!
Missing character: There is no Å in font cmr12!
Missing character: There is no Ñ in font cmr12!
Missing character: There is no „ in font cmr12!
Missing character: There is no Å in font cmr12!
Missing character: There is no è in font cmr12!
Missing character: There is no „ in font cmr12!
Missing character: There is no Å in font cmr12!
Missing character: There is no Ñ in font cmr12!
Missing character: There is no „ in font cmr12!
Missing character: There is no Å in font cmr12!
Missing character: There is no ì in font cmr12!
Missing character: There is no „ in font cmr12!
Missing character: There is no Å in font cmr12!
Missing character: There is no Ü in font cmr12!
Missing character: There is no „ in font cmr12!
Missing character: There is no Ç in font cmr12!
Missing character: There is no ã in font cmr12!
Missing character: There is no „ in font cmr12!
Missing character: There is no Ç in font cmr12!
Missing character: There is no à in font cmr12!
Missing character: There is no „ in font cmr12!
Missing character: There is no Å in font cmr12!
Missing character: There is no Ü in font cmr12!
Missing character: There is no „ in font cmr12!
Missing character: There is no Å in font cmr12!
Missing character: There is no Ü in font cmr12!
Missing character: There is no „ in font cmr12!
Missing character: There is no Å in font cmr12!
Missing character: There is no è in font cmr12!
Missing character: There is no „ in font cmr12!
Missing character: There is no Ç in font cmr12!
Missing character: There is no ã in font cmr12!
Missing character: There is no „ in font cmbx12!
Missing character: There is no Å in font cmbx12!
Missing character: There is no ì in font cmbx12!
Missing character: There is no „ in font cmbx12!
Missing character: There is no Ç in font cmbx12!
Missing character: There is no à in font cmbx12!
Missing character: There is no „ in font cmbx12!
Missing character: There is no Å in font cmbx12!
Missing character: There is no Ü in font cmbx12!
Missing character: There is no „ in font cmr12!
Missing character: There is no Å in font cmr12!
Missing character: There is no ô in font cmr12!
Missing character: There is no „ in font cmr12!
Missing character: There is no Ç in font cmr12!
Missing character: There is no ã in font cmr12!
Missing character: There is no „ in font cmr12!
Missing character: There is no Å in font cmr12!
Missing character: There is no ó in font cmr12!
Missing character: There is no „ in font cmr12!
Missing character: There is no Ç in font cmr12!
Missing character: There is no à in font cmr12!
Missing character: There is no „ in font cmr12!
Missing character: There is no Å in font cmr12!
Missing character: There is no Ü in font cmr12!
Missing character: There is no „ in font cmr12!
Missing character: There is no Å in font cmr12!
Missing character: There is no Ç in font cmr12!
Missing character: There is no „ in font cmr12!
Missing character: There is no Ç in font cmr12!
Missing character: There is no ã in font cmr12!
Missing character: There is no „ in font cmbx12!
Missing character: There is no Å in font cmbx12!
Missing character: There is no Ç in font cmbx12!
Missing character: There is no „ in font cmbx12!
Missing character: There is no Ç in font cmbx12!
Missing character: There is no ç in font cmbx12!
Missing character: There is no „ in font cmbx12!
Missing character: There is no Å in font cmbx12!
Missing character: There is no Ü in font cmbx12!
Missing character: There is no Ê in font cmr12!
Missing character: There is no ò in font cmr12!
Missing character: There is no é in font cmr12!
Missing character: There is no Ê in font cmr12!
Missing character: There is no ó in font cmr12!
Missing character: There is no • in font cmr12!
Missing character: There is no „ in font cmr8!
Missing character: There is no Å in font cmr8!
Missing character: There is no Ç in font cmr8!
Missing character: There is no „ in font cmr8!
Missing character: There is no Å in font cmr8!
Missing character: There is no ó in font cmr8!
Missing character: There is no „ in font cmr8!
Missing character: There is no Å in font cmr8!
Missing character: There is no ü in font cmr8!
Missing character: There is no „ in font cmr12!
Missing character: There is no Ä in font cmr12!
Missing character: There is no Å in font cmr12!
Missing character: There is no Ê in font cmr12!
Missing character: There is no ò in font cmr12!
Missing character: There is no † in font cmr12!
Missing character: There is no Á in font cmr12!
Missing character: There is no î in font cmr12!
Missing character: There is no ª in font cmr12!
Missing character: There is no „ in font cmr8!
Missing character: There is no Å in font cmr8!
Missing character: There is no à in font cmr8!
Missing character: There is no „ in font cmr8!
Missing character: There is no Å in font cmr8!
Missing character: There is no Ñ in font cmr8!
Missing character: There is no „ in font cmr8!
Missing character: There is no Å in font cmr8!
Missing character: There is no å in font cmr8!
Missing character: There is no „ in font cmr12!
Missing character: There is no Ç in font cmr12!
Missing character: There is no í in font cmr12!
Missing character: There is no Ë in font cmr12!
Missing character: There is no ¶ in font cmr12!
Missing character: There is no ã in font cmr12!
Missing character: There is no „ in font cmr8!
Missing character: There is no Å in font cmr8!
Missing character: There is no ø in font cmr8!
Missing character: There is no „ in font cmr12!
Missing character: There is no Å in font cmr12!
Missing character: There is no ´ in font cmr12!
Missing character: There is no „ in font cmr12!
Missing character: There is no Å in font cmr12!
Missing character: There is no Ñ in font cmr12!
Missing character: There is no „ in font cmr12!
Missing character: There is no Å in font cmr12!
Missing character: There is no ç in font cmr12!
Missing character: There is no „ in font cmr12!
Missing character: There is no Å in font cmr12!
Missing character: There is no æ in font cmr12!
Missing character: There is no „ in font cmr12!
Missing character: There is no Å in font cmr12!
Missing character: There is no ó in font cmr12!
Missing character: There is no „ in font cmr12!
Missing character: There is no Ç in font cmr12!
Missing character: There is no á in font cmr12!
Missing character: There is no „ in font cmr12!
Missing character: There is no Å in font cmr12!
Missing character: There is no Ü in font cmr12!
Missing character: There is no „ in font cmr12!
Missing character: There is no Ä in font cmr12!
Missing character: There is no Ç in font cmr12!
Missing character: There is no ‰ in font cmr12!
Missing character: There is no ª in font cmr12!
Missing character: There is no ä in font cmr12!
Missing character: There is no Ê in font cmr12!
Missing character: There is no ó in font cmr12!
Missing character: There is no • in font cmr12!
Missing character: There is no „ in font cmr8!
Missing character: There is no Å in font cmr8!
Missing character: There is no ç in font cmr8!
Missing character: There is no „ in font cmr8!
Missing character: There is no Ç in font cmr8!
Missing character: There is no á in font cmr8!
Missing character: There is no „ in font cmr8!
Missing character: There is no Å in font cmr8!
Missing character: There is no Ü in font cmr8!
Missing character: There is no „ in font cmr12!
Missing character: There is no Å in font cmr12!
Missing character: There is no Ø in font cmr12!
Missing character: There is no È in font cmr12!
Missing character: There is no £ in font cmr12!
Missing character: There is no ü in font cmr12!
Missing character: There is no Â in font cmr12!
Missing character: There is no † in font cmr12!
Missing character: There is no Ç in font cmr12!
Missing character: There is no „ in font cmr8!
Missing character: There is no Å in font cmr8!
Missing character: There is no ó in font cmr8!
Missing character: There is no „ in font cmr8!
Missing character: There is no Ç in font cmr8!
Missing character: There is no á in font cmr8!
Missing character: There is no „ in font cmr8!
Missing character: There is no Å in font cmr8!
Missing character: There is no è in font cmr8!
Missing character: There is no „ in font cmr8!
Missing character: There is no Å in font cmr8!
Missing character: There is no © in font cmr8!
Missing character: There is no „ in font cmr8!
Missing character: There is no Å in font cmr8!
Missing character: There is no Ü in font cmr8!
Missing character: There is no „ in font cmr12!
Missing character: There is no Å in font cmr12!
Missing character: There is no ß in font cmr12!
Missing character: There is no È in font cmr12!
Missing character: There is no £ in font cmr12!
Missing character: There is no ü in font cmr12!
Missing character: There is no „ in font cmr8!
Missing character: There is no Å in font cmr8!
Missing character: There is no ü in font cmr8!
Missing character: There is no „ in font cmr12!
Missing character: There is no Å in font cmr12!
Missing character: There is no π in font cmr12!
Missing character: There is no „ in font cmr12!
Missing character: There is no Ç in font cmr12!
Missing character: There is no à in font cmr12!
Missing character: There is no „ in font cmr12!
Missing character: There is no Å in font cmr12!
Missing character: There is no Ü in font cmr12!
Missing character: There is no „ in font cmr12!
Missing character: There is no Ä in font cmr12!
Missing character: There is no Ç in font cmr12!
Missing character: There is no Â in font cmr12!
Missing character: There is no õ in font cmr12!
Missing character: There is no ≥ in font cmr12!
Missing character: There is no Ê in font cmr12!
Missing character: There is no õ in font cmr12!
Missing character: There is no ∏ in font cmr12!
Missing character: There is no È in font cmr12!
Missing character: There is no § in font cmr12!
Missing character: There is no ® in font cmr12!
Missing character: There is no „ in font cmr8!
Missing character: There is no Å in font cmr8!
Missing character: There is no ® in font cmr8!
Missing character: There is no „ in font cmr8!
Missing character: There is no Å in font cmr8!
Missing character: There is no ó in font cmr8!
Missing character: There is no „ in font cmr8!
Missing character: There is no Ç in font cmr8!
Missing character: There is no á in font cmr8!
Missing character: There is no „ in font cmr8!
Missing character: There is no Å in font cmr8!
Missing character: There is no ã in font cmr8!
Missing character: There is no „ in font cmr8!
Missing character: There is no Ç in font cmr8!
Missing character: There is no ì in font cmr8!
Missing character: There is no „ in font cmr12!
Missing character: There is no Å in font cmr12!
Missing character: There is no ß in font cmr12!
Missing character: There is no ‰ in font cmr12!
Missing character: There is no ∏ in font cmr12!
Missing character: There is no Ä in font cmr12!
Missing character: There is no Á in font cmr12!
Missing character: There is no ∑ in font cmr12!
Missing character: There is no í in font cmr12!
Missing character: There is no „ in font cmr8!
Missing character: There is no Å in font cmr8!
Missing character: There is no Ñ in font cmr8!
Missing character: There is no „ in font cmr8!
Missing character: There is no Å in font cmr8!
Missing character: There is no £ in font cmr8!
Missing character: There is no „ in font cmr8!
Missing character: There is no Å in font cmr8!
Missing character: There is no ó in font cmr8!
Missing character: There is no „ in font cmr8!
Missing character: There is no Ç in font cmr8!
Missing character: There is no á in font cmr8!
Missing character: There is no „ in font cmr12!
Missing character: There is no Å in font cmr12!
Missing character: There is no ´ in font cmr12!
Missing character: There is no Â in font cmr12!
Missing character: There is no ã in font cmr12!
Missing character: There is no â in font cmr12!
Missing character: There is no Â in font cmr12!
Missing character: There is no º in font cmr12!
Missing character: There is no ∑ in font cmr12!
Missing character: There is no „ in font cmr8!
Missing character: There is no Å in font cmr8!
Missing character: There is no π in font cmr8!
Missing character: There is no „ in font cmr8!
Missing character: There is no Ç in font cmr8!
Missing character: There is no ì in font cmr8!
Missing character: There is no „ in font cmr8!
Missing character: There is no Å in font cmr8!
Missing character: There is no ç in font cmr8!
Missing character: There is no „ in font cmr8!
Missing character: There is no Ç in font cmr8!
Missing character: There is no á in font cmr8!
Missing character: There is no „ in font cmr8!
Missing character: There is no Å in font cmr8!
Missing character: There is no Ü in font cmr8!
Missing character: There is no „ in font cmr12!
Missing character: There is no Å in font cmr12!
Missing character: There is no ó in font cmr12!
Missing character: There is no „ in font cmr12!
Missing character: There is no Ç in font cmr12!
Missing character: There is no à in font cmr12!
Missing character: There is no „ in font cmr12!
Missing character: There is no Å in font cmr12!
Missing character: There is no Ü in font cmr12!
Missing character: There is no „ in font cmr12!
Missing character: There is no Ä in font cmr12!
Missing character: There is no Ç in font cmr12!
Missing character: There is no ‰ in font cmr12!
Missing character: There is no ª in font cmr12!
Missing character: There is no ä in font cmr12!
Missing character: There is no Ê in font cmr12!
Missing character: There is no ó in font cmr12!
Missing character: There is no • in font cmr12!
Missing character: There is no „ in font cmr12!
Missing character: There is no Å in font cmr12!
Missing character: There is no ã in font cmr12!
Missing character: There is no „ in font cmr12!
Missing character: There is no Ç in font cmr12!
Missing character: There is no â in font cmr12!
Missing character: There is no Ê in font cmr12!
Missing character: There is no ó in font cmr12!
Missing character: There is no • in font cmr12!
Missing character: There is no Ë in font cmr12!
Missing character: There is no ® in font cmr12!
Missing character: There is no ò in font cmr12!
Missing character: There is no „ in font cmr8!
Missing character: There is no Å in font cmr8!
Missing character: There is no ´ in font cmr8!
Missing character: There is no „ in font cmr8!
Missing character: There is no Å in font cmr8!
Missing character: There is no £ in font cmr8!
Missing character: There is no „ in font cmr8!
Missing character: There is no Å in font cmr8!
Missing character: There is no ç in font cmr8!
Missing character: There is no „ in font cmr12!
Missing character: There is no Ç in font cmr12!
Missing character: There is no í in font cmr12!
Missing character: There is no Ê in font cmr12!
Missing character: There is no õ in font cmr12!
Missing character: There is no ∏ in font cmr12!
Missing character: There is no „ in font cmr8!
Missing character: There is no Å in font cmr8!
Missing character: There is no ã in font cmr8!
Missing character: There is no „ in font cmr12!
Missing character: There is no Å in font cmr12!
Missing character: There is no ì in font cmr12!
Missing character: There is no „ in font cmr12!
Missing character: There is no Å in font cmr12!
Missing character: There is no Ü in font cmr12!
Missing character: There is no „ in font cmr12!
Missing character: There is no Ä in font cmr12!
Missing character: There is no Ç in font cmr12!
Missing character: There is no Â in font cmr12!
Missing character: There is no Æ in font cmr12!
Missing character: There is no ∂ in font cmr12!
Missing character: There is no „ in font cmr8!
Missing character: There is no Å in font cmr8!
Missing character: There is no Ñ in font cmr8!
Missing character: There is no „ in font cmr8!
Missing character: There is no Å in font cmr8!
Missing character: There is no à in font cmr8!
Missing character: There is no „ in font cmr12!
Missing character: There is no Å in font cmr12!
Missing character: There is no ´ in font cmr12!
Missing character: There is no Â in font cmr12!
Missing character: There is no ∏ in font cmr12!
Missing character: There is no ∞ in font cmr12!
Missing character: There is no „ in font cmr8!
Missing character: There is no Å in font cmr8!
Missing character: There is no ã in font cmr8!
Missing character: There is no „ in font cmr8!
Missing character: There is no Å in font cmr8!
Missing character: There is no à in font cmr8!
Missing character: There is no „ in font cmr12!
Missing character: There is no Å in font cmr12!
Missing character: There is no £ in font cmr12!
Missing character: There is no „ in font cmr12!
Missing character: There is no Å in font cmr12!
Missing character: There is no ü in font cmr12!
Missing character: There is no „ in font cmr12!
Missing character: There is no Ç in font cmr12!
Missing character: There is no â in font cmr12!
Missing character: There is no Ê in font cmr12!
Missing character: There is no é in font cmr12!
Missing character: There is no É in font cmr12!
Missing character: There is no È in font cmr12!
Missing character: There is no ô in font cmr12!
Missing character: There is no § in font cmr12!
Missing character: There is no „ in font cmr8!
Missing character: There is no Å in font cmr8!
Missing character: There is no ù in font cmr8!
Missing character: There is no „ in font cmr8!
Missing character: There is no Å in font cmr8!
Missing character: There is no Ü in font cmr8!
Missing character: There is no „ in font cmr8!
Missing character: There is no Å in font cmr8!
Missing character: There is no ò in font cmr8!
Missing character: There is no „ in font cmr12!
Missing character: There is no Å in font cmr12!
Missing character: There is no ó in font cmr12!
Missing character: There is no „ in font cmr12!
Missing character: There is no Ç in font cmr12!
Missing character: There is no à in font cmr12!
Missing character: There is no „ in font cmr12!
Missing character: There is no Å in font cmr12!
Missing character: There is no Ü in font cmr12!
Missing character: There is no „ in font cmr12!
Missing character: There is no Ä in font cmr12!
Missing character: There is no Ç in font cmr12!
Missing character: There is no ƒ in font cmbx12!
Missing character: There is no á in font cmbx12!
Missing character: There is no „ in font cmbx12!
Missing character: There is no Å in font cmbx12!
Missing character: There is no ® in font cmbx12!
Missing character: There is no Ê in font cmbx12!
Missing character: There is no Ä in font cmbx12!
Missing character: There is no ù in font cmbx12!
Missing character: There is no „ in font cmbx12!
Missing character: There is no Å in font cmbx12!
Missing character: There is no Ü in font cmbx12!
Missing character: There is no Ë in font cmr12!
Missing character: There is no à in font cmr12!
Missing character: There is no π in font cmr12!
Missing character: There is no „ in font cmr8!
Missing character: There is no Å in font cmr8!
Missing character: There is no µ in font cmr8!
Missing character: There is no „ in font cmr8!
Missing character: There is no Å in font cmr8!
Missing character: There is no ≠ in font cmr8!
Missing character: There is no „ in font cmr12!
Missing character: There is no Ç in font cmr12!
Missing character: There is no í in font cmr12!
Missing character: There is no Ë in font cmr12!
Missing character: There is no ≤ in font cmr12!
Missing character: There is no ∑ in font cmr12!
Missing character: There is no „ in font cmr8!
Missing character: There is no Å in font cmr8!
Missing character: There is no ã in font cmr8!
Missing character: There is no „ in font cmr12!
Missing character: There is no Å in font cmr12!
Missing character: There is no ä in font cmr12!
Missing character: There is no „ in font cmr12!
Missing character: There is no Å in font cmr12!
Missing character: There is no Ü in font cmr12!
Missing character: There is no „ in font cmr12!
Missing character: There is no Å in font cmr12!
Missing character: There is no ® in font cmr12!
Missing character: There is no Ê in font cmr12!
Missing character: There is no Ä in font cmr12!
Missing character: There is no ù in font cmr12!
Missing character: There is no „ in font cmr8!
Missing character: There is no Å in font cmr8!
Missing character: There is no ä in font cmr8!
Missing character: There is no „ in font cmr8!
Missing character: There is no Ç in font cmr8!
Missing character: There is no Ç in font cmr8!
Missing character: There is no „ in font cmr12!
Missing character: There is no Å in font cmr12!
Missing character: There is no £ in font cmr12!
Missing character: There is no „ in font cmr12!
Missing character: There is no Å in font cmr12!
Missing character: There is no ¶ in font cmr12!
Missing character: There is no „ in font cmr12!
Missing character: There is no Å in font cmr12!
Missing character: There is no Ñ in font cmr12!
Missing character: There is no „ in font cmr12!
Missing character: There is no Å in font cmr12!
Missing character: There is no æ in font cmr12!
Missing character: There is no „ in font cmr12!
Missing character: There is no Å in font cmr12!
Missing character: There is no ô in font cmr12!
Missing character: There is no „ in font cmr12!
Missing character: There is no Ä in font cmr12!
Missing character: There is no Ç in font cmr12!
Missing character: There is no ≈ in font cmbx12!
Missing character: There is no ° in font cmbx12!
Missing character: There is no ≈ in font cmbx12!
Missing character: There is no ° in font cmbx12!
Missing character: There is no „ in font cmbx12!
Missing character: There is no Å in font cmbx12!
Missing character: There is no ® in font cmbx12!
Missing character: There is no „ in font cmbx12!
Missing character: There is no Å in font cmbx12!
Missing character: There is no ô in font cmbx12!
Missing character: There is no „ in font cmbx12!
Missing character: There is no Ç in font cmbx12!
Missing character: There is no ã in font cmbx12!
Missing character: There is no Â in font cmr12!
Missing character: There is no õ in font cmr12!
Missing character: There is no ≥ in font cmr12!
Missing character: There is no Ê in font cmr12!
Missing character: There is no õ in font cmr12!
Missing character: There is no ∏ in font cmr12!
Missing character: There is no È in font cmr12!
Missing character: There is no § in font cmr12!
Missing character: There is no ® in font cmr12!
Missing character: There is no „ in font cmr12!
Missing character: There is no Å in font cmr12!
Missing character: There is no ß in font cmr12!
Missing character: There is no Â in font cmr12!
Missing character: There is no ã in font cmr12!
Missing character: There is no â in font cmr12!
Missing character: There is no Â in font cmr12!
Missing character: There is no º in font cmr12!
Missing character: There is no ∑ in font cmr12!
Missing character: There is no „ in font cmr12!
Missing character: There is no Å in font cmr12!
Missing character: There is no ó in font cmr12!
Missing character: There is no „ in font cmr12!
Missing character: There is no Ç in font cmr12!
Missing character: There is no à in font cmr12!
Missing character: There is no „ in font cmr12!
Missing character: There is no Å in font cmr12!
Missing character: There is no Ü in font cmr12!
Missing character: There is no „ in font cmr12!
Missing character: There is no Å in font cmr12!
Missing character: There is no ® in font cmr12!
Missing character: There is no „ in font cmr12!
Missing character: There is no Å in font cmr12!
Missing character: There is no ó in font cmr12!
Missing character: There is no „ in font cmr12!
Missing character: There is no Å in font cmr12!
Missing character: There is no ü in font cmr12!
Missing character: There is no „ in font cmr12!
Missing character: There is no Å in font cmr12!
Missing character: There is no ë in font cmr12!
Missing character: There is no „ in font cmr12!
Missing character: There is no Å in font cmr12!
Missing character: There is no © in font cmr12!
Missing character: There is no „ in font cmr12!
Missing character: There is no Ä in font cmr12!
Missing character: There is no Å in font cmr12!
Missing character: There is no ‰ in font cmr12!
Missing character: There is no º in font cmr12!
Missing character: There is no ë in font cmr12!
Missing character: There is no „ in font cmr8!
Missing character: There is no Ç in font cmr8!
Missing character: There is no Ñ in font cmr8!
Missing character: There is no „ in font cmr8!
Missing character: There is no Å in font cmr8!
Missing character: There is no ô in font cmr8!
Missing character: There is no „ in font cmr12!
Missing character: There is no Å in font cmr12!
Missing character: There is no ø in font cmr12!
Missing character: There is no „ in font cmr12!
Missing character: There is no Å in font cmr12!
Missing character: There is no † in font cmr12!
Missing character: There is no „ in font cmr12!
Missing character: There is no Å in font cmr12!
Missing character: There is no £ in font cmr12!
Missing character: There is no „ in font cmr12!
Missing character: There is no Å in font cmr12!
Missing character: There is no ü in font cmr12!
Missing character: There is no „ in font cmr12!
Missing character: There is no Ä in font cmr12!
Missing character: There is no Ç in font cmr12!
Missing character: There is no Â in font cmr12!
Missing character: There is no Ω in font cmr12!
Missing character: There is no º in font cmr12!
Missing character: There is no „ in font cmr8!
Missing character: There is no Å in font cmr8!
Missing character: There is no Ø in font cmr8!
Missing character: There is no È in font cmr12!
Missing character: There is no Ä in font cmr12!
Missing character: There is no É in font cmr12!
Missing character: There is no „ in font cmr8!
Missing character: There is no Å in font cmr8!
Missing character: There is no ´ in font cmr8!
Missing character: There is no „ in font cmr12!
Missing character: There is no Å in font cmr12!
Missing character: There is no í in font cmr12!
Missing character: There is no „ in font cmr12!
Missing character: There is no Ç in font cmr12!
Missing character: There is no à in font cmr12!
Missing character: There is no „ in font cmr12!
Missing character: There is no Å in font cmr12!
Missing character: There is no Ü in font cmr12!
Missing character: There is no „ in font cmr12!
Missing character: There is no Å in font cmr12!
Missing character: There is no ® in font cmr12!
Missing character: There is no „ in font cmr12!
Missing character: There is no Å in font cmr12!
Missing character: There is no ó in font cmr12!
Missing character: There is no „ in font cmr12!
Missing character: There is no Å in font cmr12!
Missing character: There is no ü in font cmr12!
Missing character: There is no „ in font cmr12!
Missing character: There is no Ä in font cmr12!
Missing character: There is no Ç in font cmr12!
Missing character: There is no ‰ in font cmr12!
Missing character: There is no π in font cmr12!
Missing character: There is no ù in font cmr12!
Missing character: There is no Ê in font cmr12!
Missing character: There is no ú in font cmr12!
Missing character: There is no à in font cmr12!
Missing character: There is no „ in font cmr8!
Missing character: There is no Å in font cmr8!
Missing character: There is no è in font cmr8!
Missing character: There is no „ in font cmr8!
Missing character: There is no Å in font cmr8!
Missing character: There is no å in font cmr8!
Missing character: There is no „ in font cmr8!
Missing character: There is no Å in font cmr8!
Missing character: There is no § in font cmr8!
Missing character: There is no „ in font cmr12!
Missing character: There is no Å in font cmr12!
Missing character: There is no å in font cmr12!
Missing character: There is no Â in font cmr12!
Missing character: There is no ß in font cmr12!
Missing character: There is no ã in font cmr12!
Missing character: There is no „ in font cmr8!
Missing character: There is no Å in font cmr8!
Missing character: There is no Ø in font cmr8!
Missing character: There is no „ in font cmr8!
Missing character: There is no Å in font cmr8!
Missing character: There is no ò in font cmr8!
Missing character: There is no „ in font cmr12!
Missing character: There is no Å in font cmr12!
Missing character: There is no æ in font cmr12!
Missing character: There is no „ in font cmr12!
Missing character: There is no Ç in font cmr12!
Missing character: There is no ç in font cmr12!
Missing character: There is no „ in font cmr12!
Missing character: There is no Å in font cmr12!
Missing character: There is no Ü in font cmr12!
Missing character: There is no „ in font cmr12!
Missing character: There is no Å in font cmr12!
Missing character: There is no ® in font cmr12!
Missing character: There is no „ in font cmr12!
Missing character: There is no Å in font cmr12!
Missing character: There is no ó in font cmr12!
Missing character: There is no „ in font cmr12!
Missing character: There is no Å in font cmr12!
Missing character: There is no ¶ in font cmr12!
Missing character: There is no „ in font cmr12!
Missing character: There is no Å in font cmr12!
Missing character: There is no Ñ in font cmr12!
Missing character: There is no „ in font cmr12!
Missing character: There is no Å in font cmr12!
Missing character: There is no ü in font cmr12!
Missing character: There is no „ in font cmr12!
Missing character: There is no Ä in font cmr12!
Missing character: There is no Ç in font cmr12!
Missing character: There is no Ë in font cmr12!
Missing character: There is no • in font cmr12!
Missing character: There is no ø in font cmr12!
Missing character: There is no „ in font cmr8!
Missing character: There is no Å in font cmr8!
Missing character: There is no ´ in font cmr8!
Missing character: There is no „ in font cmr8!
Missing character: There is no Å in font cmr8!
Missing character: There is no ó in font cmr8!
Missing character: There is no „ in font cmr12!
Missing character: There is no Å in font cmr12!
Missing character: There is no Æ in font cmr12!
Missing character: There is no Á in font cmr12!
Missing character: There is no © in font cmr12!
Missing character: There is no ∫ in font cmr12!
Missing character: There is no „ in font cmr8!
Missing character: There is no Å in font cmr8!
Missing character: There is no ù in font cmr8!
Missing character: There is no „ in font cmr8!
Missing character: There is no Ç in font cmr8!
Missing character: There is no â in font cmr8!
Missing character: There is no „ in font cmr12!
Missing character: There is no Å in font cmr12!
Missing character: There is no ´ in font cmr12!
Missing character: There is no Ê in font cmr12!
Missing character: There is no ó in font cmr12!
Missing character: There is no • in font cmr12!
Missing character: There is no „ in font cmr8!
Missing character: There is no Å in font cmr8!
Missing character: There is no ≤ in font cmr8!
Missing character: There is no „ in font cmr12!
Missing character: There is no Å in font cmr12!
Missing character: There is no å in font cmr12!
Missing character: There is no Ê in font cmr12!
Missing character: There is no ≤ in font cmr12!
Missing character: There is no à in font cmr12!
Missing character: There is no „ in font cmr8!
Missing character: There is no Å in font cmr8!
Missing character: There is no ó in font cmr8!
Missing character: There is no „ in font cmr8!
Missing character: There is no Å in font cmr8!
Missing character: There is no ö in font cmr8!
Missing character: There is no „ in font cmr12!
Missing character: There is no Ç in font cmr12!
Missing character: There is no Ç in font cmr12!
Missing character: There is no „ in font cmr12!
Missing character: There is no Å in font cmr12!
Missing character: There is no Ü in font cmr12!
Missing character: There is no „ in font cmr12!
Missing character: There is no Å in font cmr12!
Missing character: There is no ® in font cmr12!
Missing character: There is no „ in font cmr12!
Missing character: There is no Å in font cmr12!
Missing character: There is no ó in font cmr12!
Missing character: There is no „ in font cmr12!
Missing character: There is no Å in font cmr12!
Missing character: There is no ¶ in font cmr12!
Missing character: There is no „ in font cmr12!
Missing character: There is no Å in font cmr12!
Missing character: There is no Ñ in font cmr12!
Missing character: There is no „ in font cmr12!
Missing character: There is no Å in font cmr12!
Missing character: There is no æ in font cmr12!
Missing character: There is no „ in font cmr12!
Missing character: There is no Å in font cmr12!
Missing character: There is no ô in font cmr12!
Missing character: There is no „ in font cmr12!
Missing character: There is no Ä in font cmr12!
Missing character: There is no Ç in font cmr12!
Package atveryend Info: Empty hook `BeforeClearDocument' on input line 73.
 [1

{C:/Users/Zeljka/AppData/Local/MiKTeX/2.9/pdftex/config/pdftex.map}]
Package atveryend Info: Empty hook `AfterLastShipout' on input line 73.
 (010_hortativ.aux)
Package atveryend Info: Executing hook `AtVeryEndDocument' on input line 73.
Package atveryend Info: Executing hook `AtEndAfterFileList' on input line 73.


Package rerunfilecheck Warning: File `010_hortativ.out' has changed.
(rerunfilecheck)                Rerun to get outlines right
(rerunfilecheck)                or use package `bookmark'.

Package rerunfilecheck Info: Checksums for `010_hortativ.out':
(rerunfilecheck)             Before: <no file>
(rerunfilecheck)             After:  D41D8CD98F00B204E9800998ECF8427E;0.
Package atveryend Info: Empty hook `AtVeryVeryEnd' on input line 73.
 ) 
Here is how much of TeX's memory you used:
 14955 strings out of 493303
 259178 string characters out of 3142769
 332212 words of memory out of 3000000
 18429 multiletter control sequences out of 15000+200000
 534387 words of font info for 38 fonts, out of 3000000 for 9000
 1141 hyphenation exceptions out of 8191
 33i,8n,32p,10442b,342s stack positions out of 5000i,500n,10000p,200000b,50000s
<E:/Programs/MikTex/fonts/type1/public/amsfonts/cm/cmbx12.pfb><E:/Programs/Mi
kTex/fonts/type1/public/amsfonts/cm/cmr12.pfb><E:/Programs/MikTex/fonts/type1/p
ublic/amsfonts/cm/cmr17.pfb>
Output written on 010_hortativ.pdf (1 page, 35322 bytes).
PDF statistics:
 23 PDF objects out of 1000 (max. 8388607)
 2 named destinations out of 1000 (max. 500000)
 1 words of extra memory for PDF output out of 10000 (max. 10000000)

